  Test.cpp
C:\Users\Arda\Desktop\Interpolation\Interpolation\lab\Lab\Image.h(18,28): warning C4244: 'return': conversion from 'double' to 'Byte', possible loss of data
C:\Users\Arda\Desktop\Interpolation\Interpolation\lab\Lab\Image.h(70,8): warning C4996: 'fopen': This function or variable may be unsafe. Consider using fopen_s instead. To disable deprecation, use _CRT_SECURE_NO_WARNINGS. See online help for details.
C:\Users\Arda\Desktop\Interpolation\Interpolation\lab\Lab\Image.h(121,14): warning C4996: 'fopen': This function or variable may be unsafe. Consider using fopen_s instead. To disable deprecation, use _CRT_SECURE_NO_WARNINGS. See online help for details.
C:\Users\Arda\Desktop\Interpolation\Interpolation\lab\Lab\Image.h(236,8): warning C4996: 'fopen': This function or variable may be unsafe. Consider using fopen_s instead. To disable deprecation, use _CRT_SECURE_NO_WARNINGS. See online help for details.
C:\Users\Arda\Desktop\Interpolation\Interpolation\lab\Lab\Image.h(287,14): warning C4996: 'fopen': This function or variable may be unsafe. Consider using fopen_s instead. To disable deprecation, use _CRT_SECURE_NO_WARNINGS. See online help for details.
C:\Users\Arda\Desktop\Interpolation\Interpolation\lab\Lab\Image.h(369,52): warning C4244: 'argument': conversion from 'float' to 'const _Ty', possible loss of data
          with
          [
              _Ty=int
          ]
C:\Users\Arda\Desktop\Interpolation\Interpolation\lab\Lab\Image.h(390,52): warning C4244: 'argument': conversion from 'float' to 'const _Ty', possible loss of data
          with
          [
              _Ty=int
          ]
C:\Users\Arda\Desktop\Interpolation\Interpolation\lab\Lab\Test.cpp(6,40): warning C4244: 'argument': conversion from 'float' to 'Byte', possible loss of data
C:\Users\Arda\Desktop\Interpolation\Interpolation\lab\Lab\Test.cpp(6,29): warning C4244: 'argument': conversion from 'float' to 'Byte', possible loss of data
C:\Users\Arda\Desktop\Interpolation\Interpolation\lab\Lab\Test.cpp(6,18): warning C4244: 'argument': conversion from 'float' to 'Byte', possible loss of data
C:\Users\Arda\Desktop\Interpolation\Interpolation\lab\Lab\Test.cpp(17,48): warning C4244: 'argument': conversion from 'float' to 'int', possible loss of data
C:\Users\Arda\Desktop\Interpolation\Interpolation\lab\Lab\Test.cpp(17,30): warning C4244: 'argument': conversion from 'float' to 'int', possible loss of data
  Lab.vcxproj -> C:\Users\Arda\Desktop\Interpolation\Interpolation\lab\Debug\Lab.exe
